app-remote/build/intermediates/manifest_merge_blame_file/debug/manifest-merger-blame-debug-report.txt
1<?xml version="1.0" encoding="utf-8"?>
2<manifest xmlns:android="http://schemas.android.com/apk/res/android"
3    package="org.hugoandrade.calendarviewtest"
4    android:versionCode="1"
5    android:versionName="1.0" >
6
7    <uses-sdk
8        android:minSdkVersion="18"
8-->src\main\AndroidManifest.xml
9        android:targetSdkVersion="26" />
9-->src\main\AndroidManifest.xml
10
11    <application
11-->src\main\AndroidManifest.xml:5:5-74:19
12        android:allowBackup="true"
12-->src\main\AndroidManifest.xml:6:9-35
13        android:debuggable="true"
14        android:icon="@mipmap/ic_launcher"
14-->src\main\AndroidManifest.xml:7:9-43
15        android:label="@string/app_name"
15-->src\main\AndroidManifest.xml:8:9-41
16        android:roundIcon="@mipmap/ic_launcher_round"
16-->src\main\AndroidManifest.xml:9:9-54
17        android:supportsRtl="true"
17-->src\main\AndroidManifest.xml:10:9-35
18        android:theme="@style/AppTheme" >
18-->src\main\AndroidManifest.xml:11:9-40
19        <activity
19-->src\main\AndroidManifest.xml:12:9-20:20
20            android:name="org.hugoandrade.calendarviewtest.MainActivity"
20-->src\main\AndroidManifest.xml:13:13-41
21            android:theme="@style/AppTheme.NoActionBar" >
21-->src\main\AndroidManifest.xml:14:13-56
22            <intent-filter>
22-->src\main\AndroidManifest.xml:15:13-19:29
23                <action android:name="android.intent.action.MAIN" />
23-->src\main\AndroidManifest.xml:16:17-69
23-->src\main\AndroidManifest.xml:16:25-66
24
25                <category android:name="android.intent.category.LAUNCHER" />
25-->src\main\AndroidManifest.xml:18:17-77
25-->src\main\AndroidManifest.xml:18:27-74
26            </intent-filter>
27        </activity>
28        <activity
28-->src\main\AndroidManifest.xml:21:9-29:20
29            android:name="org.hugoandrade.calendarviewtest.SimpleCalendarViewActivity"
29-->src\main\AndroidManifest.xml:22:13-55
30            android:label="@string/title_activity_simple_calendar_view"
30-->src\main\AndroidManifest.xml:23:13-72
31            android:parentActivityName="org.hugoandrade.calendarviewtest.MainActivity"
31-->src\main\AndroidManifest.xml:24:13-55
32            android:theme="@style/AppTheme.NoActionBar" >
32-->src\main\AndroidManifest.xml:25:13-56
33            <meta-data
33-->src\main\AndroidManifest.xml:26:13-28:81
34                android:name="android.support.PARENT_ACTIVITY"
34-->src\main\AndroidManifest.xml:27:17-63
35                android:value="org.hugoandrade.calendarviewtest.MainActivity" />
35-->src\main\AndroidManifest.xml:28:17-78
36        </activity>
37        <activity
37-->src\main\AndroidManifest.xml:30:9-32:59
38            android:name="org.hugoandrade.calendarviewtest.ToolbarCalendarViewActivity"
38-->src\main\AndroidManifest.xml:31:13-56
39            android:theme="@style/AppTheme.NoActionBar" />
39-->src\main\AndroidManifest.xml:32:13-56
40        <activity
40-->src\main\AndroidManifest.xml:33:9-41:20
41            android:name="org.hugoandrade.calendarviewtest.MiniCalendarViewPopupActivity"
41-->src\main\AndroidManifest.xml:34:13-58
42            android:label="@string/title_activity_mini_calendar_view_popup"
42-->src\main\AndroidManifest.xml:35:13-76
43            android:parentActivityName="org.hugoandrade.calendarviewtest.MainActivity"
43-->src\main\AndroidManifest.xml:36:13-55
44            android:theme="@style/AppTheme.NoActionBar" >
44-->src\main\AndroidManifest.xml:37:13-56
45            <meta-data
45-->src\main\AndroidManifest.xml:26:13-28:81
46                android:name="android.support.PARENT_ACTIVITY"
46-->src\main\AndroidManifest.xml:27:17-63
47                android:value="org.hugoandrade.calendarviewtest.MainActivity" />
47-->src\main\AndroidManifest.xml:28:17-78
48        </activity>
49        <activity
49-->src\main\AndroidManifest.xml:42:9-49:20
50            android:name="org.hugoandrade.calendarviewtest.CalendarViewWithNotesActivity"
50-->src\main\AndroidManifest.xml:43:13-58
51            android:parentActivityName="org.hugoandrade.calendarviewtest.MainActivity"
51-->src\main\AndroidManifest.xml:44:13-55
52            android:theme="@style/AppTheme.NoActionBar" >
52-->src\main\AndroidManifest.xml:45:13-56
53            <meta-data
53-->src\main\AndroidManifest.xml:26:13-28:81
54                android:name="android.support.PARENT_ACTIVITY"
54-->src\main\AndroidManifest.xml:27:17-63
55                android:value="org.hugoandrade.calendarviewtest.MainActivity" />
55-->src\main\AndroidManifest.xml:28:17-78
56        </activity>
57        <activity
57-->src\main\AndroidManifest.xml:50:9-57:20
58            android:name="org.hugoandrade.calendarviewtest.CalendarViewWithNotesActivitySDK21"
58-->src\main\AndroidManifest.xml:51:13-63
59            android:parentActivityName="org.hugoandrade.calendarviewtest.MainActivity"
59-->src\main\AndroidManifest.xml:52:13-55
60            android:theme="@style/AppTheme.NoActionBar" >
60-->src\main\AndroidManifest.xml:53:13-56
61            <meta-data
61-->src\main\AndroidManifest.xml:26:13-28:81
62                android:name="android.support.PARENT_ACTIVITY"
62-->src\main\AndroidManifest.xml:27:17-63
63                android:value="org.hugoandrade.calendarviewtest.MainActivity" />
63-->src\main\AndroidManifest.xml:28:17-78
64        </activity>
65        <activity
65-->src\main\AndroidManifest.xml:58:9-65:20
66            android:name="org.hugoandrade.calendarviewtest.CreateEventActivity"
66-->src\main\AndroidManifest.xml:59:13-48
67            android:parentActivityName="org.hugoandrade.calendarviewtest.CalendarViewWithNotesActivitySDK21"
67-->src\main\AndroidManifest.xml:60:13-77
68            android:theme="@style/AppTheme.NoActionBar" >
68-->src\main\AndroidManifest.xml:61:13-56
69            <meta-data
69-->src\main\AndroidManifest.xml:26:13-28:81
70                android:name="android.support.PARENT_ACTIVITY"
70-->src\main\AndroidManifest.xml:27:17-63
71                android:value="org.hugoandrade.calendarviewtest.CalendarViewWithNotesActivitySDK21" />
71-->src\main\AndroidManifest.xml:28:17-78
72        </activity>
73        <activity
73-->src\main\AndroidManifest.xml:66:9-73:20
74            android:name="org.hugoandrade.calendarviewtest.SelectDateAndTimeActivity"
74-->src\main\AndroidManifest.xml:67:13-54
75            android:parentActivityName="org.hugoandrade.calendarviewtest.CreateEventActivity"
75-->src\main\AndroidManifest.xml:68:13-62
76            android:theme="@style/AppTheme.NoActionBar.Transition" >
76-->src\main\AndroidManifest.xml:69:13-67
77            <meta-data
77-->src\main\AndroidManifest.xml:26:13-28:81
78                android:name="android.support.PARENT_ACTIVITY"
78-->src\main\AndroidManifest.xml:27:17-63
79                android:value="org.hugoandrade.calendarviewtest.CreateEventActivity" />
79-->src\main\AndroidManifest.xml:28:17-78
80        </activity>
81
82        <meta-data
82-->[com.android.support:design:26.1.0] AndroidManifest.xml:26:9-28:38
83            android:name="android.support.VERSION"
83-->[com.android.support:design:26.1.0] AndroidManifest.xml:27:13-51
84            android:value="26.1.0" />
84-->[com.android.support:design:26.1.0] AndroidManifest.xml:28:13-35
85        <meta-data
85-->[android.arch.lifecycle:runtime:1.0.0] AndroidManifest.xml:25:9-27:47
86            android:name="android.arch.lifecycle.VERSION"
86-->[android.arch.lifecycle:runtime:1.0.0] AndroidManifest.xml:26:13-58
87            android:value="27.0.0-SNAPSHOT" />
87-->[android.arch.lifecycle:runtime:1.0.0] AndroidManifest.xml:27:13-44
88    </application>
89
90</manifest>